<?xml version="1.0" encoding="UTF-8"?>
<!-- Generated by org.testng.reporters.JUnitXMLReporter -->
<testsuite ignored="0" hostname="LAPTOP-T7SDQHSU" failures="0" tests="12" name="Test" time="208.387" errors="0" timestamp="2021-09-27T11:22:03 IST">
  <testcase classname="com.mindtree.runner.Runner" name="signrun" time="16.442"/>
  <testcase classname="com.mindtree.runner.Runner" name="LoginRun" time="27.98"/>
  <testcase classname="com.mindtree.runner.Runner" name="testSearchTitle" time="7.071"/>
  <testcase classname="com.mindtree.runner.Runner" name="testSearchTitle" time="6.364"/>
  <testcase classname="com.mindtree.runner.Runner" name="testSearchTitle" time="6.662"/>
  <testcase classname="com.mindtree.runner.Runner" name="ProfileVer" time="30.902"/>
  <testcase classname="com.mindtree.runner.Runner" name="HelpBtn" time="4.438"/>
  <testcase classname="com.mindtree.runner.Runner" name="StoreVer" time="7.352"/>
  <testcase classname="com.mindtree.runner.Runner" name="Trackorder" time="5.041"/>
  <testcase classname="com.mindtree.runner.Runner" name="Subscribe" time="3.638"/>
  <testcase classname="com.mindtree.runner.Runner" name="GiftCard" time="6.464"/>
  <testcase classname="com.mindtree.runner.Runner" name="LogOutRun" time="38.428"/>
</testsuite> <!-- Test -->
