<?xml version="1.0" encoding="UTF-8"?>
<testng-results ignored="0" total="12" passed="12" failed="0" skipped="0">
  <reporter-output>
  </reporter-output>
  <suite started-at="2021-09-27T11:18:34 IST" name="Suite" finished-at="2021-09-27T11:22:03 IST" duration-ms="208387">
    <groups>
    </groups>
    <test started-at="2021-09-27T11:18:34 IST" name="Test" finished-at="2021-09-27T11:22:03 IST" duration-ms="208387">
      <class name="com.mindtree.runner.Runner">
        <test-method is-config="true" signature="getTestData()[pri:0, instance:com.mindtree.runner.Runner@62dae540]" started-at="2021-09-27T11:18:34 IST" name="getTestData" finished-at="2021-09-27T11:18:36 IST" duration-ms="1539" status="PASS">
          <reporter-output>
          </reporter-output>
        </test-method> <!-- getTestData -->
        <test-method is-config="true" signature="testing()[pri:0, instance:com.mindtree.runner.Runner@62dae540]" started-at="2021-09-27T11:18:36 IST" name="testing" finished-at="2021-09-27T11:18:40 IST" duration-ms="4680" status="PASS">
          <reporter-output>
          </reporter-output>
        </test-method> <!-- testing -->
        <test-method signature="signrun()[pri:0, instance:com.mindtree.runner.Runner@62dae540]" started-at="2021-09-27T11:18:40 IST" name="signrun" finished-at="2021-09-27T11:18:57 IST" duration-ms="16442" status="PASS">
          <reporter-output>
          </reporter-output>
        </test-method> <!-- signrun -->
        <test-method is-config="true" signature="clean()[pri:0, instance:com.mindtree.runner.Runner@62dae540]" started-at="2021-09-27T11:18:57 IST" name="clean" finished-at="2021-09-27T11:18:59 IST" duration-ms="1624" status="PASS">
          <reporter-output>
          </reporter-output>
        </test-method> <!-- clean -->
        <test-method is-config="true" signature="testing()[pri:0, instance:com.mindtree.runner.Runner@62dae540]" started-at="2021-09-27T11:18:59 IST" name="testing" finished-at="2021-09-27T11:19:01 IST" duration-ms="2315" status="PASS">
          <reporter-output>
          </reporter-output>
        </test-method> <!-- testing -->
        <test-method signature="LoginRun()[pri:1, instance:com.mindtree.runner.Runner@62dae540]" started-at="2021-09-27T11:19:01 IST" name="LoginRun" finished-at="2021-09-27T11:19:29 IST" duration-ms="27980" status="PASS">
          <reporter-output>
          </reporter-output>
        </test-method> <!-- LoginRun -->
        <test-method is-config="true" signature="clean()[pri:0, instance:com.mindtree.runner.Runner@62dae540]" started-at="2021-09-27T11:19:29 IST" name="clean" finished-at="2021-09-27T11:19:30 IST" duration-ms="704" status="PASS">
          <reporter-output>
          </reporter-output>
        </test-method> <!-- clean -->
        <test-method is-config="true" signature="testing()[pri:0, instance:com.mindtree.runner.Runner@62dae540]" started-at="2021-09-27T11:19:30 IST" name="testing" finished-at="2021-09-27T11:19:32 IST" duration-ms="2208" status="PASS">
          <reporter-output>
          </reporter-output>
        </test-method> <!-- testing -->
        <test-method signature="testSearchTitle(java.lang.String)[pri:2, instance:com.mindtree.runner.Runner@62dae540]" started-at="2021-09-27T11:19:32 IST" name="testSearchTitle" data-provider="getTestData" finished-at="2021-09-27T11:19:39 IST" duration-ms="7071" status="PASS">
          <params>
            <param index="0">
              <value>
                <![CDATA[Sofas]]>
              </value>
            </param>
          </params>
          <reporter-output>
          </reporter-output>
        </test-method> <!-- testSearchTitle -->
        <test-method is-config="true" signature="clean()[pri:0, instance:com.mindtree.runner.Runner@62dae540]" started-at="2021-09-27T11:19:39 IST" name="clean" finished-at="2021-09-27T11:19:40 IST" duration-ms="1435" status="PASS">
          <reporter-output>
          </reporter-output>
        </test-method> <!-- clean -->
        <test-method is-config="true" signature="testing()[pri:0, instance:com.mindtree.runner.Runner@62dae540]" started-at="2021-09-27T11:19:40 IST" name="testing" finished-at="2021-09-27T11:19:43 IST" duration-ms="2275" status="PASS">
          <reporter-output>
          </reporter-output>
        </test-method> <!-- testing -->
        <test-method signature="testSearchTitle(java.lang.String)[pri:2, instance:com.mindtree.runner.Runner@62dae540]" started-at="2021-09-27T11:19:43 IST" name="testSearchTitle" data-provider="getTestData" finished-at="2021-09-27T11:19:49 IST" duration-ms="6364" status="PASS">
          <params>
            <param index="0">
              <value>
                <![CDATA[Bed]]>
              </value>
            </param>
          </params>
          <reporter-output>
          </reporter-output>
        </test-method> <!-- testSearchTitle -->
        <test-method is-config="true" signature="clean()[pri:0, instance:com.mindtree.runner.Runner@62dae540]" started-at="2021-09-27T11:19:49 IST" name="clean" finished-at="2021-09-27T11:19:50 IST" duration-ms="596" status="PASS">
          <reporter-output>
          </reporter-output>
        </test-method> <!-- clean -->
        <test-method is-config="true" signature="testing()[pri:0, instance:com.mindtree.runner.Runner@62dae540]" started-at="2021-09-27T11:19:50 IST" name="testing" finished-at="2021-09-27T11:19:52 IST" duration-ms="2547" status="PASS">
          <reporter-output>
          </reporter-output>
        </test-method> <!-- testing -->
        <test-method signature="testSearchTitle(java.lang.String)[pri:2, instance:com.mindtree.runner.Runner@62dae540]" started-at="2021-09-27T11:19:52 IST" name="testSearchTitle" data-provider="getTestData" finished-at="2021-09-27T11:19:59 IST" duration-ms="6662" status="PASS">
          <params>
            <param index="0">
              <value>
                <![CDATA[Dining]]>
              </value>
            </param>
          </params>
          <reporter-output>
          </reporter-output>
        </test-method> <!-- testSearchTitle -->
        <test-method is-config="true" signature="clean()[pri:0, instance:com.mindtree.runner.Runner@62dae540]" started-at="2021-09-27T11:19:59 IST" name="clean" finished-at="2021-09-27T11:20:04 IST" duration-ms="4827" status="PASS">
          <reporter-output>
          </reporter-output>
        </test-method> <!-- clean -->
        <test-method is-config="true" signature="testing()[pri:0, instance:com.mindtree.runner.Runner@62dae540]" started-at="2021-09-27T11:20:04 IST" name="testing" finished-at="2021-09-27T11:20:06 IST" duration-ms="2148" status="PASS">
          <reporter-output>
          </reporter-output>
        </test-method> <!-- testing -->
        <test-method signature="ProfileVer()[pri:3, instance:com.mindtree.runner.Runner@62dae540]" started-at="2021-09-27T11:20:06 IST" name="ProfileVer" finished-at="2021-09-27T11:20:37 IST" duration-ms="30902" status="PASS">
          <reporter-output>
          </reporter-output>
        </test-method> <!-- ProfileVer -->
        <test-method is-config="true" signature="clean()[pri:0, instance:com.mindtree.runner.Runner@62dae540]" started-at="2021-09-27T11:20:37 IST" name="clean" finished-at="2021-09-27T11:20:41 IST" duration-ms="4458" status="PASS">
          <reporter-output>
          </reporter-output>
        </test-method> <!-- clean -->
        <test-method is-config="true" signature="testing()[pri:0, instance:com.mindtree.runner.Runner@62dae540]" started-at="2021-09-27T11:20:41 IST" name="testing" finished-at="2021-09-27T11:20:43 IST" duration-ms="2116" status="PASS">
          <reporter-output>
          </reporter-output>
        </test-method> <!-- testing -->
        <test-method signature="HelpBtn()[pri:4, instance:com.mindtree.runner.Runner@62dae540]" started-at="2021-09-27T11:20:43 IST" name="HelpBtn" finished-at="2021-09-27T11:20:48 IST" duration-ms="4438" status="PASS">
          <reporter-output>
          </reporter-output>
        </test-method> <!-- HelpBtn -->
        <test-method is-config="true" signature="clean()[pri:0, instance:com.mindtree.runner.Runner@62dae540]" started-at="2021-09-27T11:20:48 IST" name="clean" finished-at="2021-09-27T11:20:49 IST" duration-ms="902" status="PASS">
          <reporter-output>
          </reporter-output>
        </test-method> <!-- clean -->
        <test-method is-config="true" signature="testing()[pri:0, instance:com.mindtree.runner.Runner@62dae540]" started-at="2021-09-27T11:20:49 IST" name="testing" finished-at="2021-09-27T11:20:51 IST" duration-ms="1987" status="PASS">
          <reporter-output>
          </reporter-output>
        </test-method> <!-- testing -->
        <test-method signature="StoreVer()[pri:5, instance:com.mindtree.runner.Runner@62dae540]" started-at="2021-09-27T11:20:51 IST" name="StoreVer" finished-at="2021-09-27T11:20:58 IST" duration-ms="7352" status="PASS">
          <reporter-output>
          </reporter-output>
        </test-method> <!-- StoreVer -->
        <test-method is-config="true" signature="clean()[pri:0, instance:com.mindtree.runner.Runner@62dae540]" started-at="2021-09-27T11:20:58 IST" name="clean" finished-at="2021-09-27T11:20:58 IST" duration-ms="563" status="PASS">
          <reporter-output>
          </reporter-output>
        </test-method> <!-- clean -->
        <test-method is-config="true" signature="testing()[pri:0, instance:com.mindtree.runner.Runner@62dae540]" started-at="2021-09-27T11:20:58 IST" name="testing" finished-at="2021-09-27T11:21:00 IST" duration-ms="1897" status="PASS">
          <reporter-output>
          </reporter-output>
        </test-method> <!-- testing -->
        <test-method signature="Trackorder()[pri:6, instance:com.mindtree.runner.Runner@62dae540]" started-at="2021-09-27T11:21:00 IST" name="Trackorder" finished-at="2021-09-27T11:21:05 IST" duration-ms="5041" status="PASS">
          <reporter-output>
          </reporter-output>
        </test-method> <!-- Trackorder -->
        <test-method is-config="true" signature="clean()[pri:0, instance:com.mindtree.runner.Runner@62dae540]" started-at="2021-09-27T11:21:05 IST" name="clean" finished-at="2021-09-27T11:21:06 IST" duration-ms="450" status="PASS">
          <reporter-output>
          </reporter-output>
        </test-method> <!-- clean -->
        <test-method is-config="true" signature="testing()[pri:0, instance:com.mindtree.runner.Runner@62dae540]" started-at="2021-09-27T11:21:06 IST" name="testing" finished-at="2021-09-27T11:21:08 IST" duration-ms="2046" status="PASS">
          <reporter-output>
          </reporter-output>
        </test-method> <!-- testing -->
        <test-method signature="Subscribe()[pri:7, instance:com.mindtree.runner.Runner@62dae540]" started-at="2021-09-27T11:21:08 IST" name="Subscribe" finished-at="2021-09-27T11:21:12 IST" duration-ms="3638" status="PASS">
          <reporter-output>
          </reporter-output>
        </test-method> <!-- Subscribe -->
        <test-method is-config="true" signature="clean()[pri:0, instance:com.mindtree.runner.Runner@62dae540]" started-at="2021-09-27T11:21:12 IST" name="clean" finished-at="2021-09-27T11:21:12 IST" duration-ms="530" status="PASS">
          <reporter-output>
          </reporter-output>
        </test-method> <!-- clean -->
        <test-method is-config="true" signature="testing()[pri:0, instance:com.mindtree.runner.Runner@62dae540]" started-at="2021-09-27T11:21:12 IST" name="testing" finished-at="2021-09-27T11:21:14 IST" duration-ms="2152" status="PASS">
          <reporter-output>
          </reporter-output>
        </test-method> <!-- testing -->
        <test-method signature="GiftCard()[pri:8, instance:com.mindtree.runner.Runner@62dae540]" started-at="2021-09-27T11:21:14 IST" name="GiftCard" finished-at="2021-09-27T11:21:21 IST" duration-ms="6464" status="PASS">
          <reporter-output>
          </reporter-output>
        </test-method> <!-- GiftCard -->
        <test-method is-config="true" signature="clean()[pri:0, instance:com.mindtree.runner.Runner@62dae540]" started-at="2021-09-27T11:21:21 IST" name="clean" finished-at="2021-09-27T11:21:21 IST" duration-ms="483" status="PASS">
          <reporter-output>
          </reporter-output>
        </test-method> <!-- clean -->
        <test-method is-config="true" signature="testing()[pri:0, instance:com.mindtree.runner.Runner@62dae540]" started-at="2021-09-27T11:21:21 IST" name="testing" finished-at="2021-09-27T11:21:23 IST" duration-ms="2026" status="PASS">
          <reporter-output>
          </reporter-output>
        </test-method> <!-- testing -->
        <test-method signature="LogOutRun()[pri:9, instance:com.mindtree.runner.Runner@62dae540]" started-at="2021-09-27T11:21:23 IST" name="LogOutRun" finished-at="2021-09-27T11:22:02 IST" duration-ms="38428" status="PASS">
          <reporter-output>
          </reporter-output>
        </test-method> <!-- LogOutRun -->
        <test-method is-config="true" signature="clean()[pri:0, instance:com.mindtree.runner.Runner@62dae540]" started-at="2021-09-27T11:22:02 IST" name="clean" finished-at="2021-09-27T11:22:03 IST" duration-ms="937" status="PASS">
          <reporter-output>
          </reporter-output>
        </test-method> <!-- clean -->
      </class> <!-- com.mindtree.runner.Runner -->
    </test> <!-- Test -->
  </suite> <!-- Suite -->
</testng-results>
